<?xml version="1.0" encoding="UTF-8"?>
<testsuite name="com.zenith.feature.tasks.TaskSerializerTest" tests="8" skipped="0" failures="0" errors="0" timestamp="2026-04-18T09:13:58.218Z" hostname="DESKTOP-IU9580N" time="12.06">
  <properties/>
  <testcase name="testDurationContinuation()" classname="com.zenith.feature.tasks.TaskSerializerTest" time="11.835"/>
  <testcase name="testEventCondition()" classname="com.zenith.feature.tasks.TaskSerializerTest" time="0.031"/>
  <testcase name="testTask()" classname="com.zenith.feature.tasks.TaskSerializerTest" time="0.026"/>
  <testcase name="testNContinuation()" classname="com.zenith.feature.tasks.TaskSerializerTest" time="0.002"/>
  <testcase name="testIntervalCondition()" classname="com.zenith.feature.tasks.TaskSerializerTest" time="0.003"/>
  <testcase name="testForeverContinuation()" classname="com.zenith.feature.tasks.TaskSerializerTest" time="0.002"/>
  <testcase name="testCommandAction()" classname="com.zenith.feature.tasks.TaskSerializerTest" time="0.002"/>
  <testcase name="testOnceContinuation()" classname="com.zenith.feature.tasks.TaskSerializerTest" time="0.003"/>
  <system-out><![CDATA[]]></system-out>
  <system-err><![CDATA[]]></system-err>
</testsuite>
