<?xml version="1.0" encoding="UTF-8"?>
<testsuite name="com.zenith.RotationRangeCheckTest" tests="2" skipped="0" failures="0" errors="0" timestamp="2026-04-18T09:12:58.093Z" hostname="DESKTOP-IU9580N" time="14.376">
  <properties/>
  <testcase name="pitchInRangeTest()" classname="com.zenith.RotationRangeCheckTest" time="14.2"/>
  <testcase name="yawInRangeTest()" classname="com.zenith.RotationRangeCheckTest" time="0.009"/>
  <system-out><![CDATA[]]></system-out>
  <system-err><![CDATA[]]></system-err>
</testsuite>
